[22-Dec-2024 16:34:45 UTC] PHP Fatal error:  Uncaught Error: Class "Kirki\Panel" not found in C:\Users\Dev Ridhwan\Local Sites\event-git\app\public\wp-content\themes\eventgrid\inc\event-kirki.php:2
Stack trace:
#0 C:\Users\Dev Ridhwan\Local Sites\event-git\app\public\wp-content\themes\eventgrid\functions.php(122): include_once()
#1 C:\Users\Dev Ridhwan\Local Sites\event-git\app\public\wp-settings.php(672): include('C:\\Users\\Dev Ri...')
#2 C:\Users\Dev Ridhwan\Local Sites\event-git\app\public\wp-config.php(103): require_once('C:\\Users\\Dev Ri...')
#3 C:\Users\Dev Ridhwan\Local Sites\event-git\app\public\wp-load.php(50): require_once('C:\\Users\\Dev Ri...')
#4 C:\Users\Dev Ridhwan\Local Sites\event-git\app\public\wp-admin\admin.php(34): require_once('C:\\Users\\Dev Ri...')
#5 C:\Users\Dev Ridhwan\Local Sites\event-git\app\public\wp-admin\themes.php(10): require_once('C:\\Users\\Dev Ri...')
#6 {main}
  thrown in C:\Users\Dev Ridhwan\Local Sites\event-git\app\public\wp-content\themes\eventgrid\inc\event-kirki.php on line 2
[22-Dec-2024 16:34:49 UTC] PHP Warning:  Trying to access array offset on value of type bool in C:\Users\Dev Ridhwan\Local Sites\event-git\app\public\wp-includes\class-wp-recovery-mode-email-service.php on line 367
[22-Dec-2024 16:34:49 UTC] PHP Warning:  Trying to access array offset on value of type bool in C:\Users\Dev Ridhwan\Local Sites\event-git\app\public\wp-includes\class-wp-recovery-mode-email-service.php on line 368
[22-Dec-2024 16:35:23 UTC] PHP Fatal error:  Uncaught Error: Class "Kirki\Panel" not found in C:\Users\Dev Ridhwan\Local Sites\event-git\app\public\wp-content\themes\eventgrid\inc\event-kirki.php:2
Stack trace:
#0 C:\Users\Dev Ridhwan\Local Sites\event-git\app\public\wp-content\themes\eventgrid\functions.php(122): include_once()
#1 C:\Users\Dev Ridhwan\Local Sites\event-git\app\public\wp-settings.php(672): include('C:\\Users\\Dev Ri...')
#2 C:\Users\Dev Ridhwan\Local Sites\event-git\app\public\wp-config.php(103): require_once('C:\\Users\\Dev Ri...')
#3 C:\Users\Dev Ridhwan\Local Sites\event-git\app\public\wp-load.php(50): require_once('C:\\Users\\Dev Ri...')
#4 C:\Users\Dev Ridhwan\Local Sites\event-git\app\public\wp-admin\admin-ajax.php(22): require_once('C:\\Users\\Dev Ri...')
#5 {main}
  thrown in C:\Users\Dev Ridhwan\Local Sites\event-git\app\public\wp-content\themes\eventgrid\inc\event-kirki.php on line 2
[22-Dec-2024 16:36:20 UTC] PHP Fatal error:  Uncaught Error: Class "Kirki\Panel" not found in C:\Users\Dev Ridhwan\Local Sites\event-git\app\public\wp-content\themes\eventgridl\inc\event-kirki.php:2
Stack trace:
#0 C:\Users\Dev Ridhwan\Local Sites\event-git\app\public\wp-content\themes\eventgridl\functions.php(122): include_once()
#1 C:\Users\Dev Ridhwan\Local Sites\event-git\app\public\wp-settings.php(672): include('C:\\Users\\Dev Ri...')
#2 C:\Users\Dev Ridhwan\Local Sites\event-git\app\public\wp-config.php(103): require_once('C:\\Users\\Dev Ri...')
#3 C:\Users\Dev Ridhwan\Local Sites\event-git\app\public\wp-load.php(50): require_once('C:\\Users\\Dev Ri...')
#4 C:\Users\Dev Ridhwan\Local Sites\event-git\app\public\wp-admin\admin.php(34): require_once('C:\\Users\\Dev Ri...')
#5 C:\Users\Dev Ridhwan\Local Sites\event-git\app\public\wp-admin\themes.php(10): require_once('C:\\Users\\Dev Ri...')
#6 {main}
  thrown in C:\Users\Dev Ridhwan\Local Sites\event-git\app\public\wp-content\themes\eventgridl\inc\event-kirki.php on line 2
[22-Dec-2024 16:36:24 UTC] PHP Fatal error:  Uncaught Error: Class "Kirki\Panel" not found in C:\Users\Dev Ridhwan\Local Sites\event-git\app\public\wp-content\themes\eventgridl\inc\event-kirki.php:2
Stack trace:
#0 C:\Users\Dev Ridhwan\Local Sites\event-git\app\public\wp-content\themes\eventgridl\functions.php(122): include_once()
#1 C:\Users\Dev Ridhwan\Local Sites\event-git\app\public\wp-settings.php(672): include('C:\\Users\\Dev Ri...')
#2 C:\Users\Dev Ridhwan\Local Sites\event-git\app\public\wp-config.php(103): require_once('C:\\Users\\Dev Ri...')
#3 C:\Users\Dev Ridhwan\Local Sites\event-git\app\public\wp-load.php(50): require_once('C:\\Users\\Dev Ri...')
#4 C:\Users\Dev Ridhwan\Local Sites\event-git\app\public\wp-admin\admin-ajax.php(22): require_once('C:\\Users\\Dev Ri...')
#5 {main}
  thrown in C:\Users\Dev Ridhwan\Local Sites\event-git\app\public\wp-content\themes\eventgridl\inc\event-kirki.php on line 2
[22-Dec-2024 16:36:36 UTC] PHP Fatal error:  Uncaught Error: Class "Kirki\Panel" not found in C:\Users\Dev Ridhwan\Local Sites\event-git\app\public\wp-content\themes\eventgridl\inc\event-kirki.php:2
Stack trace:
#0 C:\Users\Dev Ridhwan\Local Sites\event-git\app\public\wp-content\themes\eventgridl\functions.php(122): include_once()
#1 C:\Users\Dev Ridhwan\Local Sites\event-git\app\public\wp-settings.php(672): include('C:\\Users\\Dev Ri...')
#2 C:\Users\Dev Ridhwan\Local Sites\event-git\app\public\wp-config.php(103): require_once('C:\\Users\\Dev Ri...')
#3 C:\Users\Dev Ridhwan\Local Sites\event-git\app\public\wp-load.php(50): require_once('C:\\Users\\Dev Ri...')
#4 C:\Users\Dev Ridhwan\Local Sites\event-git\app\public\wp-admin\admin.php(34): require_once('C:\\Users\\Dev Ri...')
#5 C:\Users\Dev Ridhwan\Local Sites\event-git\app\public\wp-admin\themes.php(10): require_once('C:\\Users\\Dev Ri...')
#6 {main}
  thrown in C:\Users\Dev Ridhwan\Local Sites\event-git\app\public\wp-content\themes\eventgridl\inc\event-kirki.php on line 2
[22-Dec-2024 16:38:16 UTC] WordPress database error Table 'wp_e_events' already exists for query CREATE TABLE `wp_e_events` (
			id bigint(20) unsigned auto_increment primary key,
			event_data text null,
			created_at datetime not null
		) DEFAULT CHARACTER SET utf8mb4 COLLATE utf8mb4_unicode_520_ci; made by require_once('wp-admin/admin.php'), require_once('wp-load.php'), require_once('wp-config.php'), require_once('wp-settings.php'), do_action('init'), WP_Hook->do_action, WP_Hook->apply_filters, Elementor\Plugin->init, Elementor\Plugin->init_components, Elementor\Core\Admin\Admin->__construct, Elementor\Plugin->init_common, Elementor\Core\Common\App->init_components, Elementor\Core\Common\Modules\EventTracker\Module->__construct, Elementor\Core\Common\Modules\EventTracker\DB->__construct, Elementor\Core\Common\Modules\EventTracker\DB->create_table
[22-Dec-2024 16:38:16 UTC] WordPress database error Duplicate key name 'created_at_index' for query ALTER TABLE wp_e_events
    		ADD INDEX `created_at_index` (`created_at`)
		 made by require_once('wp-admin/admin.php'), require_once('wp-load.php'), require_once('wp-config.php'), require_once('wp-settings.php'), do_action('init'), WP_Hook->do_action, WP_Hook->apply_filters, Elementor\Plugin->init, Elementor\Plugin->init_components, Elementor\Core\Admin\Admin->__construct, Elementor\Plugin->init_common, Elementor\Core\Common\App->init_components, Elementor\Core\Common\Modules\EventTracker\Module->__construct, Elementor\Core\Common\Modules\EventTracker\DB->__construct, Elementor\Core\Common\Modules\EventTracker\DB->add_indexes
